<?xml version="1.0" encoding="UTF-8"?>
<!-- Generated by org.testng.reporters.JUnitReportReporter -->
<testsuite skipped="0" hostname="DBHOMEHP" name="com.ultimateqa.courses.testsuite.LoginTest" tests="2" failures="0" timestamp="2022-12-12T13:53:15 GMT" time="13.439" errors="0">
  <testcase name="verifyTheErrorMessage" time="6.227" classname="com.ultimateqa.courses.testsuite.LoginTest"/>
  <system-out>
    <![CDATA[click on login page[[ChromeDriver: chrome on WINDOWS (875c95ea34e2496cdc62cb519ea13505)] -> link text: Sign In]
enter email[[ChromeDriver: chrome on WINDOWS (875c95ea34e2496cdc62cb519ea13505)] -> id: user[email]]
enter password[[ChromeDriver: chrome on WINDOWS (875c95ea34e2496cdc62cb519ea13505)] -> id: user[password]]
click on sign in[[ChromeDriver: chrome on WINDOWS (875c95ea34e2496cdc62cb519ea13505)] -> xpath: //button[@type='submit']]
login unsuccessful error message[[ChromeDriver: chrome on WINDOWS (875c95ea34e2496cdc62cb519ea13505)] -> xpath: //li[contains(text(),'Invalid email or password.')]]]]>
  </system-out>
  <testcase name="verifyUserShouldOnLogin" time="7.212" classname="com.ultimateqa.courses.testsuite.LoginTest"/>
  <system-out>
    <![CDATA[click on login page[[ChromeDriver: chrome on WINDOWS (b5b6c256d63f5a610361b634dee86949)] -> link text: Sign In]
Get text from login [[ChromeDriver: chrome on WINDOWS (b5b6c256d63f5a610361b634dee86949)] -> xpath: //h2[contains(text(),'Welcome Back!')]]]]>
  </system-out>
</testsuite> <!-- com.ultimateqa.courses.testsuite.LoginTest -->
